2025-02-14 16:15:39,711 - INFO - Starting main execution...
2025-02-14 16:15:39,712 - INFO - Starting data preparation...
2025-02-14 16:15:41,259 - INFO - gaussian dataset shape: (590000, 7)
2025-02-14 16:15:41,259 - INFO - logarithmic dataset shape: (590000, 7)
2025-02-14 16:15:41,260 - INFO - polynomial dataset shape: (253700, 7)
2025-02-14 16:15:41,260 - INFO - quadratic dataset shape: (560500, 7)
2025-02-14 16:15:41,298 - INFO - Combined dataset shape: (1994200, 7)
2025-02-14 16:15:41,437 - INFO - Final features shape: (1994200, 6)
2025-02-14 16:15:41,438 - INFO - Final targets shape: (1994200, 1)
2025-02-14 16:15:41,595 - INFO - Data scaling completed
2025-02-14 16:15:42,066 - INFO - Training set size: 1440809
2025-02-14 16:15:42,067 - INFO - Validation set size: 254261
2025-02-14 16:15:42,067 - INFO - Test set size: 299130
2025-02-14 16:15:42,080 - INFO - Initialized neural network with input dimension: 6
2025-02-14 16:15:42,082 - INFO - Starting model training...
2025-02-14 16:16:40,739 - INFO - Saved new best model with validation loss: 0.9454
2025-02-14 16:16:40,739 - INFO - Epoch 0: Train Loss = 0.8857, Val Loss = 0.9454
2025-02-14 16:18:40,650 - INFO - Saved new best model with validation loss: 0.9392
2025-02-14 16:20:44,986 - INFO - Saved new best model with validation loss: 0.9389
2025-02-14 16:22:48,984 - INFO - Saved new best model with validation loss: 0.9382
2025-02-14 16:27:12,914 - INFO - Epoch 10: Train Loss = 0.8875, Val Loss = 0.9444
2025-02-14 16:37:19,380 - INFO - Epoch 20: Train Loss = 0.8827, Val Loss = 0.9669
2025-02-14 16:44:33,568 - INFO - Saved new best model with validation loss: 0.9374
2025-02-14 16:46:37,654 - INFO - Saved new best model with validation loss: 0.9372
2025-02-14 16:47:39,371 - INFO - Epoch 30: Train Loss = 0.8822, Val Loss = 0.9494
2025-02-14 16:56:25,194 - INFO - Saved new best model with validation loss: 0.9359
2025-02-14 16:58:47,413 - INFO - Epoch 40: Train Loss = 0.8804, Val Loss = 0.9454
2025-02-14 17:07:37,753 - INFO - Saved new best model with validation loss: 0.9352
2025-02-14 17:11:37,929 - INFO - Epoch 50: Train Loss = 0.8806, Val Loss = 0.9423
2025-02-14 17:25:09,297 - INFO - Epoch 60: Train Loss = 0.8812, Val Loss = 0.9354
2025-02-14 17:27:44,175 - INFO - Saved new best model with validation loss: 0.9328
2025-02-14 17:38:13,399 - INFO - Epoch 70: Train Loss = 0.8807, Val Loss = 0.9416
2025-02-14 17:51:35,574 - INFO - Epoch 80: Train Loss = 0.8808, Val Loss = 0.9462
2025-02-14 18:04:26,365 - INFO - Epoch 90: Train Loss = 0.8818, Val Loss = 0.9631
2025-02-14 18:17:31,467 - INFO - Epoch 100: Train Loss = 0.8823, Val Loss = 0.9397
2025-02-14 18:30:41,288 - INFO - Epoch 110: Train Loss = 0.8805, Val Loss = 0.9339
2025-02-14 18:44:01,637 - INFO - Epoch 120: Train Loss = 0.8815, Val Loss = 0.9382
2025-02-14 18:57:17,591 - INFO - Epoch 130: Train Loss = 0.8821, Val Loss = 0.9647
2025-02-14 19:10:50,087 - INFO - Epoch 140: Train Loss = 0.8830, Val Loss = 0.9408
2025-02-14 19:24:52,071 - INFO - Epoch 150: Train Loss = 0.8857, Val Loss = 0.9380
2025-02-14 19:38:31,297 - INFO - Epoch 160: Train Loss = 0.8817, Val Loss = 0.9474
2025-02-14 19:51:48,748 - INFO - Epoch 170: Train Loss = 0.9170, Val Loss = 0.9441
2025-02-14 20:04:55,876 - INFO - Epoch 180: Train Loss = 0.8822, Val Loss = 0.9424
2025-02-14 20:18:15,015 - INFO - Epoch 190: Train Loss = 0.8831, Val Loss = 0.9376
2025-02-14 20:30:09,062 - INFO - Evaluating model on test set...
2025-02-14 20:30:12,581 - INFO - Test Loss: 0.9008
2025-02-14 20:30:13,473 - INFO - Results saved to model_predictions.csv
2025-02-21 14:48:35,133 - INFO - Initialized neural network with input dimension: 6
2025-02-21 15:02:37,332 - INFO - Initialized neural network with input dimension: 6
2025-02-21 15:03:21,789 - INFO - Initialized neural network with input dimension: 6
2025-02-21 15:29:30,747 - INFO - Initialized neural network with input dimension: 6
2025-02-21 15:29:47,258 - INFO - Initialized neural network with input dimension: 6
2025-02-21 15:32:30,508 - INFO - Initialized neural network with input dimension: 6
2025-02-21 16:12:38,061 - INFO - Starting data preparation...
